[master (root-commit) 77a231a] Make IRCclient
 Committer: CS24000 Account <cs240@data.cs.purdue.edu>
Your name and email address were configured automatically based
on your username and hostname. Please check that they are accurate.
You can suppress this message by setting them explicitly:

    git config --global user.name "Your Name"
    git config --global user.email you@example.com

After doing this, you may fix the identity used for this commit with:

    git commit --amend --reset-author

 15 files changed, 880 insertions(+)
 create mode 100644 .local.git.out
 create mode 100644 Makefile
 create mode 100755 TestIRCServer
 create mode 100644 TestIRCServer.c
 create mode 100755 entry
 create mode 100644 entry.c
 create mode 100755 hello
 create mode 100644 hello.c
 create mode 100755 panned
 create mode 100644 panned.c
 create mode 100755 radio
 create mode 100644 radio.c
 create mode 100644 talk-client.c
 create mode 100755 timer
 create mode 100644 timer.c
[master 9aa14c0] Make IRCclient
 Committer: CS24000 Account <cs240@data.cs.purdue.edu>
Your name and email address were configured automatically based
on your username and hostname. Please check that they are accurate.
You can suppress this message by setting them explicitly:

    git config --global user.name "Your Name"
    git config --global user.email you@example.com

After doing this, you may fix the identity used for this commit with:

    git commit --amend --reset-author

 1 file changed, 29 insertions(+)
[master cb98c5e] Make IRCclient
 Committer: CS24000 Account <cs240@data.cs.purdue.edu>
Your name and email address were configured automatically based
on your username and hostname. Please check that they are accurate.
You can suppress this message by setting them explicitly:

    git config --global user.name "Your Name"
    git config --global user.email you@example.com

After doing this, you may fix the identity used for this commit with:

    git commit --amend --reset-author

 1 file changed, 14 insertions(+)
[master 4267a97] Make IRCclient
 Committer: CS24000 Account <cs240@data.cs.purdue.edu>
Your name and email address were configured automatically based
on your username and hostname. Please check that they are accurate.
You can suppress this message by setting them explicitly:

    git config --global user.name "Your Name"
    git config --global user.email you@example.com

After doing this, you may fix the identity used for this commit with:

    git commit --amend --reset-author

 4 files changed, 167 insertions(+), 2 deletions(-)
 create mode 100755 IRCClient
 create mode 100644 IRCClient.cc
[master 6afcf58] Make IRCclient
 Committer: CS24000 Account <cs240@lore.cs.purdue.edu>
Your name and email address were configured automatically based
on your username and hostname. Please check that they are accurate.
You can suppress this message by setting them explicitly. Run the
following command and follow the instructions in your editor to edit
your configuration file:

    git config --global --edit

After doing this, you may fix the identity used for this commit with:

    git commit --amend --reset-author

 1 file changed, 16 insertions(+)
[master c521ccd] Make IRCclient
 Committer: CS24000 Account <cs240@data.cs.purdue.edu>
Your name and email address were configured automatically based
on your username and hostname. Please check that they are accurate.
You can suppress this message by setting them explicitly:

    git config --global user.name "Your Name"
    git config --global user.email you@example.com

After doing this, you may fix the identity used for this commit with:

    git commit --amend --reset-author

 1 file changed, 15 insertions(+)
[master c99f0a0] Make IRCclient
 Committer: CS24000 Account <cs240@data.cs.purdue.edu>
Your name and email address were configured automatically based
on your username and hostname. Please check that they are accurate.
You can suppress this message by setting them explicitly:

    git config --global user.name "Your Name"
    git config --global user.email you@example.com

After doing this, you may fix the identity used for this commit with:

    git commit --amend --reset-author

 4 files changed, 189 insertions(+), 2 deletions(-)
 create mode 100755 IRCClientTimer
 create mode 100644 IRCClientTimer.cc
[master e2b7bee] Make IRCclient
 9 files changed, 16 insertions(+)
 rewrite IRCClient (82%)
 rewrite IRCClientTimer (83%)
 rewrite TestIRCServer (61%)
 rewrite entry (77%)
 rewrite panned (83%)
 rewrite timer (72%)
[master ba92a48] Make IRCclient
 3 files changed, 53 insertions(+)
 rewrite IRCClient (94%)
[master 3688b4a] Make IRCclient
 3 files changed, 4 insertions(+), 1 deletion(-)
[master ad7343e] Make IRCclient
 3 files changed, 31 insertions(+)
 rewrite IRCClient (93%)
[master 0738431] Make IRCclient
 3 files changed, 328 insertions(+), 37 deletions(-)
 rewrite IRCClient (94%)
[master 296f19c] Make IRCclient
 3 files changed, 41 insertions(+), 18 deletions(-)
 rewrite IRCClient (90%)
[master 66b50b5] Make IRCclient
 5 files changed, 112 insertions(+), 9 deletions(-)
 rewrite IRCClient (87%)
 create mode 100644 chat_pic.png
 create mode 100644 new-user-image-default.png
[master bc3274b] Make IRCclient
 4 files changed, 78 insertions(+), 2 deletions(-)
 create mode 100644 debugging_log/log0
[master dfbf16e] Make IRCclient
 3 files changed, 7 insertions(+), 4 deletions(-)
 rewrite IRCClient (81%)
[master 39bd453] Make IRCclient
 3 files changed, 4 insertions(+)
[master 7a2562a] Make IRCclient
 3 files changed, 3 insertions(+), 1 deletion(-)
[master 9ae9095] Make IRCclient
 4 files changed, 57 insertions(+), 2 deletions(-)
 create mode 100644 debugging_log/log1
[master a81155a] Make IRCclient
 1 file changed, 3 insertions(+)
[master 0b3d3d0] Make IRCclient
 4 files changed, 4 insertions(+), 2 deletions(-)
 create mode 100644 .IRCClient.cc.swp
[master c1ad9ad] Make IRCclient
 3 files changed, 5 insertions(+), 2 deletions(-)
[master d6ed5a9] Make IRCclient
 3 files changed, 3 insertions(+), 1 deletion(-)
[master 41307e2] Make IRCclient
 4 files changed, 3 insertions(+), 1 deletion(-)
 delete mode 100644 .IRCClient.cc.swp
[master 076afde] Make IRCclient
 3 files changed, 5 insertions(+), 2 deletions(-)
 rewrite IRCClient (83%)
[master 118c03b] Make IRCclient
 3 files changed, 4 insertions(+)
[master fd9df39] Make IRCclient
 3 files changed, 4 insertions(+), 2 deletions(-)
[master a4a1b29] Make IRCclient
 2 files changed, 3 insertions(+), 1 deletion(-)
[master 68b4371] Make IRCclient
 5 files changed, 37 insertions(+), 1 deletion(-)
 create mode 100644 .IRCClient.cc.swp
 rewrite IRCClient (75%)
 create mode 100644 debugging_log/log2
[master 6cb567f] Make IRCclient
 5 files changed, 24 insertions(+), 3 deletions(-)
 delete mode 100644 .IRCClient.cc.swp
 create mode 100644 debugging_log/log3
[master cf8d7f3] Make IRCclient
 4 files changed, 49 insertions(+), 2 deletions(-)
 create mode 100644 debugging_log/log4
[master dc42800] Make IRCclient
 4 files changed, 14 insertions(+), 3 deletions(-)
 create mode 100644 debugging_log/log5
[master 742ca32] Make IRCclient
 3 files changed, 5 insertions(+), 2 deletions(-)
[master 9048df4] Make IRCclient
 3 files changed, 4 insertions(+), 1 deletion(-)
 rewrite IRCClient (71%)
[master 78d11b9] Make IRCclient
 3 files changed, 5 insertions(+), 3 deletions(-)
 rewrite IRCClient (71%)
[master 71427ff] Make IRCclient
 3 files changed, 13 insertions(+), 10 deletions(-)
